Using pre-set license
Built from '2020.3/staging' branch; Version is '2020.3.30f1 (1fb1bf06830e) revision 2077119'; Using compiler version '192528614'; Build Type 'Release'
OS: 'Windows 10  (10.0.19044) 64bit Core' Language: 'en' Physical Memory: 16259 MB
BatchMode: 1, IsHumanControllingUs: 0, StartBugReporterOnCrash: 0, Is64bit: 1, IsPro: 0

COMMAND LINE ARGUMENTS:
D:\Programming\Unity Projects\2020.3.30f1\Editor\Unity.exe
-adb2
-batchMode
-noUpm
-name
AssetImportWorker0
-projectPath
D:/Programming/Github Projects/Heading-Home/Heading-Home
-logFile
Logs/AssetImportWorker0.log
-srvPort
2969
Successfully changed project path to: D:/Programming/Github Projects/Heading-Home/Heading-Home
D:/Programming/Github Projects/Heading-Home/Heading-Home
Using Asset Import Pipeline V2.
Refreshing native plugins compatible for Editor in 53.70 ms, found 2 plugins.
Preloading 0 native plugins for Editor in 0.00 ms.
Initialize engine version: 2020.3.30f1 (1fb1bf06830e)
[Subsystems] Discovering subsystems at path D:/Programming/Unity Projects/2020.3.30f1/Editor/Data/Resources/UnitySubsystems
[Subsystems] Discovering subsystems at path D:/Programming/Github Projects/Heading-Home/Heading-Home/Assets
GfxDevice: creating device client; threaded=0
Direct3D:
    Version:  Direct3D 11.0 [level 11.1]
    Renderer: NVIDIA GeForce GTX 1060 (ID=0x1c20)
    Vendor:   
    VRAM:     6052 MB
    Driver:   30.0.15.1179
Initialize mono
Mono path[0] = 'D:/Programming/Unity Projects/2020.3.30f1/Editor/Data/Managed'
Mono path[1] = 'D:/Programming/Unity Projects/2020.3.30f1/Editor/Data/MonoBleedingEdge/lib/mono/unityjit'
Mono config path = 'D:/Programming/Unity Projects/2020.3.30f1/Editor/Data/MonoBleedingEdge/etc'
Using monoOptions --debugger-agent=transport=dt_socket,embedding=1,server=y,suspend=n,address=127.0.0.1:56068
Begin MonoManager ReloadAssembly
Registering precompiled unity dll's ...
Register platform support module: D:/Programming/Unity Projects/2020.3.30f1/Editor/Data/PlaybackEngines/WebGLSupport/UnityEditor.WebGL.Extensions.dll
Register platform support module: D:/Programming/Unity Projects/2020.3.30f1/Editor/Data/PlaybackEngines/WindowsStandaloneSupport/UnityEditor.WindowsStandalone.Extensions.dll
Registered in 0.001573 seconds.
Native extension for WindowsStandalone target not found
Native extension for WebGL target not found
Refreshing native plugins compatible for Editor in 58.31 ms, found 2 plugins.
Preloading 0 native plugins for Editor in 0.00 ms.
Mono: successfully reloaded assembly
- Completed reload, in  0.718 seconds
Domain Reload Profiling:
	ReloadAssembly (718ms)
		BeginReloadAssembly (77ms)
			ExecutionOrderSort (0ms)
			DisableScriptedObjects (0ms)
			BackupInstance (0ms)
			ReleaseScriptingObjects (0ms)
			CreateAndSetChildDomain (1ms)
		EndReloadAssembly (558ms)
			LoadAssemblies (76ms)
			RebuildTransferFunctionScriptingTraits (0ms)
			SetupTypeCache (178ms)
			ReleaseScriptCaches (0ms)
			RebuildScriptCaches (36ms)
			SetupLoadedEditorAssemblies (222ms)
				LogAssemblyErrors (0ms)
				InitializePlatformSupportModulesInManaged (4ms)
				SetLoadedEditorAssemblies (0ms)
				RefreshPlugins (58ms)
				BeforeProcessingInitializeOnLoad (16ms)
				ProcessInitializeOnLoadAttributes (106ms)
				ProcessInitializeOnLoadMethodAttributes (37ms)
				AfterProcessingInitializeOnLoad (0ms)
				EditorAssembliesLoaded (0ms)
			ExecutionOrderSort2 (0ms)
			AwakeInstancesAfterBackupRestoration (0ms)
Platform modules already initialized, skipping
Registering precompiled user dll's ...
Registered in 0.002491 seconds.
Begin MonoManager ReloadAssembly
Native extension for WindowsStandalone target not found
Native extension for WebGL target not found
Refreshing native plugins compatible for Editor in 0.54 ms, found 2 plugins.
Preloading 0 native plugins for Editor in 0.00 ms.
Mono: successfully reloaded assembly
- Completed reload, in  1.310 seconds
Domain Reload Profiling:
	ReloadAssembly (1311ms)
		BeginReloadAssembly (178ms)
			ExecutionOrderSort (0ms)
			DisableScriptedObjects (6ms)
			BackupInstance (0ms)
			ReleaseScriptingObjects (0ms)
			CreateAndSetChildDomain (22ms)
		EndReloadAssembly (1069ms)
			LoadAssemblies (108ms)
			RebuildTransferFunctionScriptingTraits (0ms)
			SetupTypeCache (349ms)
			ReleaseScriptCaches (1ms)
			RebuildScriptCaches (65ms)
			SetupLoadedEditorAssemblies (431ms)
				LogAssemblyErrors (0ms)
				InitializePlatformSupportModulesInManaged (7ms)
				SetLoadedEditorAssemblies (1ms)
				RefreshPlugins (1ms)
				BeforeProcessingInitializeOnLoad (114ms)
				ProcessInitializeOnLoadAttributes (296ms)
				ProcessInitializeOnLoadMethodAttributes (10ms)
				AfterProcessingInitializeOnLoad (3ms)
				EditorAssembliesLoaded (0ms)
			ExecutionOrderSort2 (0ms)
			AwakeInstancesAfterBackupRestoration (7ms)
Platform modules already initialized, skipping
========================================================================
Worker process is ready to serve import requests
Launched and connected shader compiler UnityShaderCompiler.exe after 0.14 seconds
Refreshing native plugins compatible for Editor in 0.49 ms, found 2 plugins.
Preloading 0 native plugins for Editor in 0.00 ms.
Unloading 2223 Unused Serialized files (Serialized files now loaded: 0)
System memory in use before: 188.3 MB.
System memory in use after: 188.4 MB.

Unloading 16 unused Assets to reduce memory usage. Loaded Objects now: 2685.
Total: 3.740000 ms (FindLiveObjects: 0.247900 ms CreateObjectMapping: 0.108600 ms MarkObjects: 3.308700 ms  DeleteObjects: 0.074100 ms)

AssetImportParameters requested are different than current active one (requested -> active):
  custom:framework-win-MediaFoundation: 216162199b28c13a410421893ffa2e32 -> 
  custom:video-decoder-ogg-theora: a1e56fd34408186e4bbccfd4996cb3dc -> 
  custom:container-muxer-webm: aa71ff27fc2769a1b78a27578f13a17b -> 
  custom:container-demuxer-webm: 4f35f7cbe854078d1ac9338744f61a02 -> 
  custom:container-demuxer-ogg: 62fdf1f143b41e24485cea50d1cbac27 -> 
  custom:video-encoder-webm-vp8: eb34c28f22e8b96e1ab97ce403110664 -> 
  custom:video-codec-MediaFoundation-h265: 746d11721c4dcdbdad8f713fa42b33f4 -> 
  custom:video-decoder-webm-vp8: 9c59270c3fd7afecdb556c50c9e8de78 -> 
  custom:audio-decoder-ogg-vorbis: bf7c407c2cedff20999df2af8eb42d56 -> 
  custom:audio-encoder-webm-vorbis: bf7c407c2cedff20999df2af8eb42d56 -> 
========================================================================
Received Import Request.
  path: Assets/Prefab/Particles/FinishShockwave 1.prefab
  artifactKey: Guid(f1068fa1bd3ca6940b1682cbd8a3ecdc) Importer(815301076,1909f56bfc062723c751e8b465ee728b)
Start importing Assets/Prefab/Particles/FinishShockwave 1.prefab using Guid(f1068fa1bd3ca6940b1682cbd8a3ecdc) Importer(815301076,1909f56bfc062723c751e8b465ee728b)  -> (artifact id: '6cd6050a9ffbe039b467424462c95a6b') in 0.143326 seconds 
========================================================================
Received Import Request.
  Time since last request: 20.037531 seconds.
  path: Assets/Prefab/Particles/FinishEffect 1.prefab
  artifactKey: Guid(09dd959b1405746459aa1e92f1ef2c74) Importer(815301076,1909f56bfc062723c751e8b465ee728b)
Start importing Assets/Prefab/Particles/FinishEffect 1.prefab using Guid(09dd959b1405746459aa1e92f1ef2c74) Importer(815301076,1909f56bfc062723c751e8b465ee728b)  -> (artifact id: '352c45d9409f69aeeaaaa04b11bbc398') in 0.013969 seconds 
========================================================================
Received Import Request.
  Time since last request: 7.622472 seconds.
  path: Assets/Prefab/Particles/CrashEffect.prefab
  artifactKey: Guid(09dd959b1405746459aa1e92f1ef2c74) Importer(815301076,1909f56bfc062723c751e8b465ee728b)
Start importing Assets/Prefab/Particles/CrashEffect.prefab using Guid(09dd959b1405746459aa1e92f1ef2c74) Importer(815301076,1909f56bfc062723c751e8b465ee728b)  -> (artifact id: '1e9dabf8f856a9f7c60236d8a0c1ccaa') in 0.013082 seconds 
========================================================================
Received Import Request.
  Time since last request: 4.984624 seconds.
  path: Assets/Prefab/Particles/CrashShockwave 1.prefab
  artifactKey: Guid(f1068fa1bd3ca6940b1682cbd8a3ecdc) Importer(815301076,1909f56bfc062723c751e8b465ee728b)
Start importing Assets/Prefab/Particles/CrashShockwave 1.prefab using Guid(f1068fa1bd3ca6940b1682cbd8a3ecdc) Importer(815301076,1909f56bfc062723c751e8b465ee728b)  -> (artifact id: '8ff42beccfb2b65059b4b9f736698186') in 0.030123 seconds 
========================================================================
Received Import Request.
  Time since last request: 6.599401 seconds.
  path: Assets/Prefab/Particles/CrashShockwave.prefab
  artifactKey: Guid(f1068fa1bd3ca6940b1682cbd8a3ecdc) Importer(815301076,1909f56bfc062723c751e8b465ee728b)
Start importing Assets/Prefab/Particles/CrashShockwave.prefab using Guid(f1068fa1bd3ca6940b1682cbd8a3ecdc) Importer(815301076,1909f56bfc062723c751e8b465ee728b)  -> (artifact id: '5ee8c0f77c83ff258ef6473614550f35') in 0.032738 seconds 
========================================================================
Received Import Request.
  Time since last request: 40.934042 seconds.
  path: Assets/Prefab/Particles/CrashEffect.prefab
  artifactKey: Guid(09dd959b1405746459aa1e92f1ef2c74) Importer(815301076,1909f56bfc062723c751e8b465ee728b)
Start importing Assets/Prefab/Particles/CrashEffect.prefab using Guid(09dd959b1405746459aa1e92f1ef2c74) Importer(815301076,1909f56bfc062723c751e8b465ee728b)  -> (artifact id: '5c835c0068f3a9f57b0359ca575fccc2') in 0.012053 seconds 
========================================================================
Received Import Request.
  Time since last request: 1.193225 seconds.
  path: Assets/Prefab/Particles/CrashEffect.prefab
  artifactKey: Guid(09dd959b1405746459aa1e92f1ef2c74) Importer(815301076,1909f56bfc062723c751e8b465ee728b)
Start importing Assets/Prefab/Particles/CrashEffect.prefab using Guid(09dd959b1405746459aa1e92f1ef2c74) Importer(815301076,1909f56bfc062723c751e8b465ee728b)  -> (artifact id: '5768d9e1172523da7c5b7ecddeb8b4d7') in 0.012121 seconds 
========================================================================
Received Import Request.
  Time since last request: 1.998833 seconds.
  path: Assets/Prefab/Particles/CrashEffect.prefab
  artifactKey: Guid(09dd959b1405746459aa1e92f1ef2c74) Importer(815301076,1909f56bfc062723c751e8b465ee728b)
Start importing Assets/Prefab/Particles/CrashEffect.prefab using Guid(09dd959b1405746459aa1e92f1ef2c74) Importer(815301076,1909f56bfc062723c751e8b465ee728b)  -> (artifact id: 'edadf728475e015dddea8a41648f62f3') in 0.011517 seconds 
========================================================================
Received Import Request.
  Time since last request: 1.388111 seconds.
  path: Assets/Prefab/Particles/CrashEffect.prefab
  artifactKey: Guid(09dd959b1405746459aa1e92f1ef2c74) Importer(815301076,1909f56bfc062723c751e8b465ee728b)
Start importing Assets/Prefab/Particles/CrashEffect.prefab using Guid(09dd959b1405746459aa1e92f1ef2c74) Importer(815301076,1909f56bfc062723c751e8b465ee728b)  -> (artifact id: '2511c67eab7e00bd4bcc82e7690356e2') in 0.011794 seconds 
========================================================================
Received Import Request.
  Time since last request: 2.663674 seconds.
  path: Assets/Prefab/Particles/CrashEffect.prefab
  artifactKey: Guid(09dd959b1405746459aa1e92f1ef2c74) Importer(815301076,1909f56bfc062723c751e8b465ee728b)
Start importing Assets/Prefab/Particles/CrashEffect.prefab using Guid(09dd959b1405746459aa1e92f1ef2c74) Importer(815301076,1909f56bfc062723c751e8b465ee728b)  -> (artifact id: '4bae411ea38942affa9a687f2a37e904') in 0.011806 seconds 
========================================================================
Received Import Request.
  Time since last request: 1.559637 seconds.
  path: Assets/Prefab/Particles/CrashEffect.prefab
  artifactKey: Guid(09dd959b1405746459aa1e92f1ef2c74) Importer(815301076,1909f56bfc062723c751e8b465ee728b)
Start importing Assets/Prefab/Particles/CrashEffect.prefab using Guid(09dd959b1405746459aa1e92f1ef2c74) Importer(815301076,1909f56bfc062723c751e8b465ee728b)  -> (artifact id: '7ef7b53362116f303cbacecccb583882') in 0.011154 seconds 
========================================================================
Received Import Request.
  Time since last request: 1.195112 seconds.
  path: Assets/Prefab/Particles/CrashEffect.prefab
  artifactKey: Guid(09dd959b1405746459aa1e92f1ef2c74) Importer(815301076,1909f56bfc062723c751e8b465ee728b)
Start importing Assets/Prefab/Particles/CrashEffect.prefab using Guid(09dd959b1405746459aa1e92f1ef2c74) Importer(815301076,1909f56bfc062723c751e8b465ee728b)  -> (artifact id: 'c2e2789ecf7eedf3a22aab6d61696172') in 0.012241 seconds 
========================================================================
Received Import Request.
  Time since last request: 4.055912 seconds.
  path: Assets/Prefab/Particles/CrashEffect.prefab
  artifactKey: Guid(09dd959b1405746459aa1e92f1ef2c74) Importer(815301076,1909f56bfc062723c751e8b465ee728b)
Start importing Assets/Prefab/Particles/CrashEffect.prefab using Guid(09dd959b1405746459aa1e92f1ef2c74) Importer(815301076,1909f56bfc062723c751e8b465ee728b)  -> (artifact id: '87dad66e3276118c9e911436798ffa09') in 0.011939 seconds 
========================================================================
Received Import Request.
  Time since last request: 1.177709 seconds.
  path: Assets/Prefab/Particles/CrashEffect.prefab
  artifactKey: Guid(09dd959b1405746459aa1e92f1ef2c74) Importer(815301076,1909f56bfc062723c751e8b465ee728b)
Start importing Assets/Prefab/Particles/CrashEffect.prefab using Guid(09dd959b1405746459aa1e92f1ef2c74) Importer(815301076,1909f56bfc062723c751e8b465ee728b)  -> (artifact id: 'a8a314ed621a10f9b6badfdc750c0559') in 0.012735 seconds 
========================================================================
Received Import Request.
  Time since last request: 6.556069 seconds.
  path: Assets/Prefab/Particles/CrashEffect.prefab
  artifactKey: Guid(09dd959b1405746459aa1e92f1ef2c74) Importer(815301076,1909f56bfc062723c751e8b465ee728b)
Start importing Assets/Prefab/Particles/CrashEffect.prefab using Guid(09dd959b1405746459aa1e92f1ef2c74) Importer(815301076,1909f56bfc062723c751e8b465ee728b)  -> (artifact id: '0d8ae36b95c8b506cd85cbe7f9088e31') in 0.014778 seconds 
========================================================================
Received Import Request.
  Time since last request: 2.779785 seconds.
  path: Assets/Prefab/Particles/CrashEffect.prefab
  artifactKey: Guid(09dd959b1405746459aa1e92f1ef2c74) Importer(815301076,1909f56bfc062723c751e8b465ee728b)
Start importing Assets/Prefab/Particles/CrashEffect.prefab using Guid(09dd959b1405746459aa1e92f1ef2c74) Importer(815301076,1909f56bfc062723c751e8b465ee728b)  -> (artifact id: 'a43f8834d189c67a180a56abc4e7b2bf') in 0.011416 seconds 
========================================================================
Received Import Request.
  Time since last request: 4.644972 seconds.
  path: Assets/Prefab/Particles/CrashEffect.prefab
  artifactKey: Guid(09dd959b1405746459aa1e92f1ef2c74) Importer(815301076,1909f56bfc062723c751e8b465ee728b)
Start importing Assets/Prefab/Particles/CrashEffect.prefab using Guid(09dd959b1405746459aa1e92f1ef2c74) Importer(815301076,1909f56bfc062723c751e8b465ee728b)  -> (artifact id: '16651343cb713566314ed2970e18f004') in 0.011155 seconds 
========================================================================
Received Import Request.
  Time since last request: 1.616055 seconds.
  path: Assets/Prefab/Particles/CrashEffect.prefab
  artifactKey: Guid(09dd959b1405746459aa1e92f1ef2c74) Importer(815301076,1909f56bfc062723c751e8b465ee728b)
Start importing Assets/Prefab/Particles/CrashEffect.prefab using Guid(09dd959b1405746459aa1e92f1ef2c74) Importer(815301076,1909f56bfc062723c751e8b465ee728b)  -> (artifact id: '2b54b16a39ef68db3b36a1e5bb0f641a') in 0.011562 seconds 
========================================================================
Received Import Request.
  Time since last request: 2.762508 seconds.
  path: Assets/Prefab/Particles/CrashEffect.prefab
  artifactKey: Guid(09dd959b1405746459aa1e92f1ef2c74) Importer(815301076,1909f56bfc062723c751e8b465ee728b)
Start importing Assets/Prefab/Particles/CrashEffect.prefab using Guid(09dd959b1405746459aa1e92f1ef2c74) Importer(815301076,1909f56bfc062723c751e8b465ee728b)  -> (artifact id: 'be58f0548222aefb30da2d0027a09dbb') in 0.012965 seconds 
========================================================================
Received Import Request.
  Time since last request: 2.217873 seconds.
  path: Assets/Prefab/Particles/CrashEffect.prefab
  artifactKey: Guid(09dd959b1405746459aa1e92f1ef2c74) Importer(815301076,1909f56bfc062723c751e8b465ee728b)
Start importing Assets/Prefab/Particles/CrashEffect.prefab using Guid(09dd959b1405746459aa1e92f1ef2c74) Importer(815301076,1909f56bfc062723c751e8b465ee728b)  -> (artifact id: '2225ad355cb776ef11f7e4f0cfe2ff49') in 0.011870 seconds 
========================================================================
Received Import Request.
  Time since last request: 0.630766 seconds.
  path: Assets/Prefab/Particles/CrashEffect.prefab
  artifactKey: Guid(09dd959b1405746459aa1e92f1ef2c74) Importer(815301076,1909f56bfc062723c751e8b465ee728b)
Start importing Assets/Prefab/Particles/CrashEffect.prefab using Guid(09dd959b1405746459aa1e92f1ef2c74) Importer(815301076,1909f56bfc062723c751e8b465ee728b)  -> (artifact id: 'd606d8fff6248b89c82355cdf83270fa') in 0.011975 seconds 
========================================================================
Received Import Request.
  Time since last request: 1.158661 seconds.
  path: Assets/Prefab/Particles/CrashEffect.prefab
  artifactKey: Guid(09dd959b1405746459aa1e92f1ef2c74) Importer(815301076,1909f56bfc062723c751e8b465ee728b)
Start importing Assets/Prefab/Particles/CrashEffect.prefab using Guid(09dd959b1405746459aa1e92f1ef2c74) Importer(815301076,1909f56bfc062723c751e8b465ee728b)  -> (artifact id: '975000314b5a8777bc7965d9da65af46') in 0.012371 seconds 
========================================================================
Received Import Request.
  Time since last request: 1.233215 seconds.
  path: Assets/Prefab/Particles/CrashEffect.prefab
  artifactKey: Guid(09dd959b1405746459aa1e92f1ef2c74) Importer(815301076,1909f56bfc062723c751e8b465ee728b)
Start importing Assets/Prefab/Particles/CrashEffect.prefab using Guid(09dd959b1405746459aa1e92f1ef2c74) Importer(815301076,1909f56bfc062723c751e8b465ee728b)  -> (artifact id: '24e5c82a04bcf1b855599f62b0689f93') in 0.011657 seconds 
========================================================================
Received Import Request.
  Time since last request: 0.776253 seconds.
  path: Assets/Prefab/Particles/CrashEffect.prefab
  artifactKey: Guid(09dd959b1405746459aa1e92f1ef2c74) Importer(815301076,1909f56bfc062723c751e8b465ee728b)
Start importing Assets/Prefab/Particles/CrashEffect.prefab using Guid(09dd959b1405746459aa1e92f1ef2c74) Importer(815301076,1909f56bfc062723c751e8b465ee728b)  -> (artifact id: 'cc17293de791284bd2661c7363a77535') in 0.012096 seconds 
========================================================================
Received Import Request.
  Time since last request: 2.849174 seconds.
  path: Assets/Prefab/Particles/CrashEffect.prefab
  artifactKey: Guid(09dd959b1405746459aa1e92f1ef2c74) Importer(815301076,1909f56bfc062723c751e8b465ee728b)
Start importing Assets/Prefab/Particles/CrashEffect.prefab using Guid(09dd959b1405746459aa1e92f1ef2c74) Importer(815301076,1909f56bfc062723c751e8b465ee728b)  -> (artifact id: 'c757731043ba7fd05947505b7edfb23f') in 0.011798 seconds 
========================================================================
Received Import Request.
  Time since last request: 191.983040 seconds.
  path: Assets/Prefab/Particles/CrashShockwave.prefab
  artifactKey: Guid(f1068fa1bd3ca6940b1682cbd8a3ecdc) Importer(815301076,1909f56bfc062723c751e8b465ee728b)
Start importing Assets/Prefab/Particles/CrashShockwave.prefab using Guid(f1068fa1bd3ca6940b1682cbd8a3ecdc) Importer(815301076,1909f56bfc062723c751e8b465ee728b)  -> (artifact id: '842266433f9a5aa92035b2f229c3debd') in 0.020693 seconds 
========================================================================
Received Import Request.
  Time since last request: 2.590870 seconds.
  path: Assets/Prefab/Particles/CrashShockwave.prefab
  artifactKey: Guid(f1068fa1bd3ca6940b1682cbd8a3ecdc) Importer(815301076,1909f56bfc062723c751e8b465ee728b)
Start importing Assets/Prefab/Particles/CrashShockwave.prefab using Guid(f1068fa1bd3ca6940b1682cbd8a3ecdc) Importer(815301076,1909f56bfc062723c751e8b465ee728b)  -> (artifact id: '305555c9035d4e4ad78e7e3d5b5fdc2a') in 0.020151 seconds 
========================================================================
Received Prepare
Registering precompiled user dll's ...
Registered in 0.003049 seconds.
Begin MonoManager ReloadAssembly
Native extension for WindowsStandalone target not found
Native extension for WebGL target not found
Refreshing native plugins compatible for Editor in 0.49 ms, found 2 plugins.
Preloading 0 native plugins for Editor in 0.00 ms.
Mono: successfully reloaded assembly
- Completed reload, in  1.261 seconds
Domain Reload Profiling:
	ReloadAssembly (1262ms)
		BeginReloadAssembly (147ms)
			ExecutionOrderSort (0ms)
			DisableScriptedObjects (5ms)
			BackupInstance (0ms)
			ReleaseScriptingObjects (0ms)
			CreateAndSetChildDomain (46ms)
		EndReloadAssembly (1046ms)
			LoadAssemblies (114ms)
			RebuildTransferFunctionScriptingTraits (0ms)
			SetupTypeCache (359ms)
			ReleaseScriptCaches (1ms)
			RebuildScriptCaches (52ms)
			SetupLoadedEditorAssemblies (408ms)
				LogAssemblyErrors (0ms)
				InitializePlatformSupportModulesInManaged (7ms)
				SetLoadedEditorAssemblies (1ms)
				RefreshPlugins (1ms)
				BeforeProcessingInitializeOnLoad (101ms)
				ProcessInitializeOnLoadAttributes (285ms)
				ProcessInitializeOnLoadMethodAttributes (9ms)
				AfterProcessingInitializeOnLoad (3ms)
				EditorAssembliesLoaded (0ms)
			ExecutionOrderSort2 (0ms)
			AwakeInstancesAfterBackupRestoration (9ms)
Platform modules already initialized, skipping
Switching build target platform(19) subTarget(0) extendedPlatform(0) -> platform(13) subTarget(537395200) extendedPlatform(0)
Refreshing native plugins compatible for Editor in 0.45 ms, found 2 plugins.
Preloading 0 native plugins for Editor in 0.00 ms.
Unloading 2177 Unused Serialized files (Serialized files now loaded: 0)
System memory in use before: 186.2 MB.
System memory in use after: 186.4 MB.

Unloading 13 unused Assets to reduce memory usage. Loaded Objects now: 2695.
Total: 3.970100 ms (FindLiveObjects: 0.177200 ms CreateObjectMapping: 0.081200 ms MarkObjects: 3.653100 ms  DeleteObjects: 0.057700 ms)

AssetImportParameters requested are different than current active one (requested -> active):
  custom:framework-win-MediaFoundation: 216162199b28c13a410421893ffa2e32 -> 
  custom:video-decoder-ogg-theora: a1e56fd34408186e4bbccfd4996cb3dc -> 
  custom:container-muxer-webm: aa71ff27fc2769a1b78a27578f13a17b -> 
  custom:container-demuxer-webm: 4f35f7cbe854078d1ac9338744f61a02 -> 
  custom:container-demuxer-ogg: 62fdf1f143b41e24485cea50d1cbac27 -> 
  custom:video-encoder-webm-vp8: eb34c28f22e8b96e1ab97ce403110664 -> 
  custom:video-codec-MediaFoundation-h265: 746d11721c4dcdbdad8f713fa42b33f4 -> 
  custom:video-decoder-webm-vp8: 9c59270c3fd7afecdb556c50c9e8de78 -> 
  custom:graphics/normal-map-encoding: 01000000000000000000000000000000 -> 02000000000000000000000000000000
  custom:audio-decoder-ogg-vorbis: bf7c407c2cedff20999df2af8eb42d56 -> 
  custom:audio-encoder-webm-vorbis: bf7c407c2cedff20999df2af8eb42d56 -> 
========================================================================
Received Prepare
Registering precompiled user dll's ...
Registered in 0.002735 seconds.
Begin MonoManager ReloadAssembly
Native extension for WindowsStandalone target not found
Native extension for WebGL target not found
Refreshing native plugins compatible for Editor in 0.72 ms, found 2 plugins.
Preloading 0 native plugins for Editor in 0.00 ms.
Mono: successfully reloaded assembly
- Completed reload, in  1.194 seconds
Domain Reload Profiling:
	ReloadAssembly (1195ms)
		BeginReloadAssembly (138ms)
			ExecutionOrderSort (0ms)
			DisableScriptedObjects (5ms)
			BackupInstance (0ms)
			ReleaseScriptingObjects (0ms)
			CreateAndSetChildDomain (39ms)
		EndReloadAssembly (989ms)
			LoadAssemblies (112ms)
			RebuildTransferFunctionScriptingTraits (0ms)
			SetupTypeCache (330ms)
			ReleaseScriptCaches (1ms)
			RebuildScriptCaches (52ms)
			SetupLoadedEditorAssemblies (379ms)
				LogAssemblyErrors (0ms)
				InitializePlatformSupportModulesInManaged (6ms)
				SetLoadedEditorAssemblies (1ms)
				RefreshPlugins (1ms)
				BeforeProcessingInitializeOnLoad (102ms)
				ProcessInitializeOnLoadAttributes (257ms)
				ProcessInitializeOnLoadMethodAttributes (10ms)
				AfterProcessingInitializeOnLoad (3ms)
				EditorAssembliesLoaded (0ms)
			ExecutionOrderSort2 (0ms)
			AwakeInstancesAfterBackupRestoration (9ms)
Platform modules already initialized, skipping
Switching build target platform(19) subTarget(0) extendedPlatform(0) -> platform(13) subTarget(537395200) extendedPlatform(0)
Refreshing native plugins compatible for Editor in 0.44 ms, found 2 plugins.
Preloading 0 native plugins for Editor in 0.00 ms.
Unloading 2177 Unused Serialized files (Serialized files now loaded: 0)
System memory in use before: 186.3 MB.
System memory in use after: 186.4 MB.

Unloading 12 unused Assets to reduce memory usage. Loaded Objects now: 2697.
Total: 4.107100 ms (FindLiveObjects: 0.239000 ms CreateObjectMapping: 0.095500 ms MarkObjects: 3.728300 ms  DeleteObjects: 0.042900 ms)

AssetImportParameters requested are different than current active one (requested -> active):
  custom:framework-win-MediaFoundation: 216162199b28c13a410421893ffa2e32 -> 
  custom:video-decoder-ogg-theora: a1e56fd34408186e4bbccfd4996cb3dc -> 
  custom:container-muxer-webm: aa71ff27fc2769a1b78a27578f13a17b -> 
  custom:container-demuxer-webm: 4f35f7cbe854078d1ac9338744f61a02 -> 
  custom:container-demuxer-ogg: 62fdf1f143b41e24485cea50d1cbac27 -> 
  custom:video-encoder-webm-vp8: eb34c28f22e8b96e1ab97ce403110664 -> 
  custom:video-codec-MediaFoundation-h265: 746d11721c4dcdbdad8f713fa42b33f4 -> 
  custom:video-decoder-webm-vp8: 9c59270c3fd7afecdb556c50c9e8de78 -> 
  custom:graphics/normal-map-encoding: 01000000000000000000000000000000 -> 02000000000000000000000000000000
  custom:audio-decoder-ogg-vorbis: bf7c407c2cedff20999df2af8eb42d56 -> 
  custom:audio-encoder-webm-vorbis: bf7c407c2cedff20999df2af8eb42d56 -> 
========================================================================
Received Prepare
Registering precompiled user dll's ...
Registered in 0.002707 seconds.
Begin MonoManager ReloadAssembly
Native extension for WindowsStandalone target not found
Native extension for WebGL target not found
Refreshing native plugins compatible for Editor in 0.52 ms, found 2 plugins.
Preloading 0 native plugins for Editor in 0.00 ms.
Mono: successfully reloaded assembly
- Completed reload, in  1.245 seconds
Domain Reload Profiling:
	ReloadAssembly (1246ms)
		BeginReloadAssembly (134ms)
			ExecutionOrderSort (0ms)
			DisableScriptedObjects (5ms)
			BackupInstance (0ms)
			ReleaseScriptingObjects (0ms)
			CreateAndSetChildDomain (39ms)
		EndReloadAssembly (1050ms)
			LoadAssemblies (112ms)
			RebuildTransferFunctionScriptingTraits (0ms)
			SetupTypeCache (350ms)
			ReleaseScriptCaches (2ms)
			RebuildScriptCaches (60ms)
			SetupLoadedEditorAssemblies (397ms)
				LogAssemblyErrors (0ms)
				InitializePlatformSupportModulesInManaged (7ms)
				SetLoadedEditorAssemblies (1ms)
				RefreshPlugins (1ms)
				BeforeProcessingInitializeOnLoad (101ms)
				ProcessInitializeOnLoadAttributes (276ms)
				ProcessInitializeOnLoadMethodAttributes (10ms)
				AfterProcessingInitializeOnLoad (3ms)
				EditorAssembliesLoaded (0ms)
			ExecutionOrderSort2 (0ms)
			AwakeInstancesAfterBackupRestoration (10ms)
Platform modules already initialized, skipping
Switching build target platform(19) subTarget(0) extendedPlatform(0) -> platform(13) subTarget(537395200) extendedPlatform(0)
Refreshing native plugins compatible for Editor in 0.53 ms, found 2 plugins.
Preloading 0 native plugins for Editor in 0.00 ms.
Unloading 2177 Unused Serialized files (Serialized files now loaded: 0)
System memory in use before: 186.3 MB.
System memory in use after: 186.4 MB.

Unloading 12 unused Assets to reduce memory usage. Loaded Objects now: 2699.
Total: 4.058700 ms (FindLiveObjects: 0.178200 ms CreateObjectMapping: 0.079000 ms MarkObjects: 3.748200 ms  DeleteObjects: 0.052500 ms)

AssetImportParameters requested are different than current active one (requested -> active):
  custom:framework-win-MediaFoundation: 216162199b28c13a410421893ffa2e32 -> 
  custom:video-decoder-ogg-theora: a1e56fd34408186e4bbccfd4996cb3dc -> 
  custom:container-muxer-webm: aa71ff27fc2769a1b78a27578f13a17b -> 
  custom:container-demuxer-webm: 4f35f7cbe854078d1ac9338744f61a02 -> 
  custom:container-demuxer-ogg: 62fdf1f143b41e24485cea50d1cbac27 -> 
  custom:video-encoder-webm-vp8: eb34c28f22e8b96e1ab97ce403110664 -> 
  custom:video-codec-MediaFoundation-h265: 746d11721c4dcdbdad8f713fa42b33f4 -> 
  custom:video-decoder-webm-vp8: 9c59270c3fd7afecdb556c50c9e8de78 -> 
  custom:graphics/normal-map-encoding: 01000000000000000000000000000000 -> 02000000000000000000000000000000
  custom:audio-decoder-ogg-vorbis: bf7c407c2cedff20999df2af8eb42d56 -> 
  custom:audio-encoder-webm-vorbis: bf7c407c2cedff20999df2af8eb42d56 -> 
========================================================================
Received Prepare
Registering precompiled user dll's ...
Registered in 0.002383 seconds.
Begin MonoManager ReloadAssembly
Native extension for WindowsStandalone target not found
Native extension for WebGL target not found
Refreshing native plugins compatible for Editor in 0.50 ms, found 2 plugins.
Preloading 0 native plugins for Editor in 0.00 ms.
Mono: successfully reloaded assembly
- Completed reload, in  1.224 seconds
Domain Reload Profiling:
	ReloadAssembly (1225ms)
		BeginReloadAssembly (138ms)
			ExecutionOrderSort (0ms)
			DisableScriptedObjects (5ms)
			BackupInstance (0ms)
			ReleaseScriptingObjects (0ms)
			CreateAndSetChildDomain (39ms)
		EndReloadAssembly (1020ms)
			LoadAssemblies (111ms)
			RebuildTransferFunctionScriptingTraits (0ms)
			SetupTypeCache (356ms)
			ReleaseScriptCaches (1ms)
			RebuildScriptCaches (72ms)
			SetupLoadedEditorAssemblies (359ms)
				LogAssemblyErrors (0ms)
				InitializePlatformSupportModulesInManaged (5ms)
				SetLoadedEditorAssemblies (1ms)
				RefreshPlugins (1ms)
				BeforeProcessingInitializeOnLoad (95ms)
				ProcessInitializeOnLoadAttributes (245ms)
				ProcessInitializeOnLoadMethodAttributes (9ms)
				AfterProcessingInitializeOnLoad (3ms)
				EditorAssembliesLoaded (0ms)
			ExecutionOrderSort2 (0ms)
			AwakeInstancesAfterBackupRestoration (7ms)
Platform modules already initialized, skipping
Switching build target platform(19) subTarget(0) extendedPlatform(0) -> platform(13) subTarget(537395200) extendedPlatform(0)
Refreshing native plugins compatible for Editor in 0.46 ms, found 2 plugins.
Preloading 0 native plugins for Editor in 0.00 ms.
Unloading 2177 Unused Serialized files (Serialized files now loaded: 0)
System memory in use before: 186.3 MB.
System memory in use after: 186.4 MB.

Unloading 12 unused Assets to reduce memory usage. Loaded Objects now: 2701.
Total: 4.116400 ms (FindLiveObjects: 0.165600 ms CreateObjectMapping: 0.091100 ms MarkObjects: 3.788300 ms  DeleteObjects: 0.070400 ms)

AssetImportParameters requested are different than current active one (requested -> active):
  custom:framework-win-MediaFoundation: 216162199b28c13a410421893ffa2e32 -> 
  custom:video-decoder-ogg-theora: a1e56fd34408186e4bbccfd4996cb3dc -> 
  custom:container-muxer-webm: aa71ff27fc2769a1b78a27578f13a17b -> 
  custom:container-demuxer-webm: 4f35f7cbe854078d1ac9338744f61a02 -> 
  custom:container-demuxer-ogg: 62fdf1f143b41e24485cea50d1cbac27 -> 
  custom:video-encoder-webm-vp8: eb34c28f22e8b96e1ab97ce403110664 -> 
  custom:video-codec-MediaFoundation-h265: 746d11721c4dcdbdad8f713fa42b33f4 -> 
  custom:video-decoder-webm-vp8: 9c59270c3fd7afecdb556c50c9e8de78 -> 
  custom:graphics/normal-map-encoding: 01000000000000000000000000000000 -> 02000000000000000000000000000000
  custom:audio-decoder-ogg-vorbis: bf7c407c2cedff20999df2af8eb42d56 -> 
  custom:audio-encoder-webm-vorbis: bf7c407c2cedff20999df2af8eb42d56 -> 
